[debug] [2020-05-07T22:53:29.317Z] ----------------------------------------------------------------------
[debug] [2020-05-07T22:53:29.318Z] Command:       /usr/bin/node /usr/bin/firebase deploy
[debug] [2020-05-07T22:53:29.318Z] CLI Version:   7.12.1
[debug] [2020-05-07T22:53:29.319Z] Platform:      linux
[debug] [2020-05-07T22:53:29.319Z] Node Version:  v12.16.3
[debug] [2020-05-07T22:53:29.319Z] Time:          Fri May 08 2020 03:53:29 GMT+0500 (Pakistan Standard Time)
[debug] [2020-05-07T22:53:29.319Z] ----------------------------------------------------------------------
[debug] [2020-05-07T22:53:29.319Z] 
[debug] [2020-05-07T22:53:29.324Z] > command requires scopes: ["email","openid","https://www.googleapis.com/auth/cloudplatformprojects.readonly","https://www.googleapis.com/auth/firebase","https://www.googleapis.com/auth/cloud-platform"]
[debug] [2020-05-07T22:53:29.324Z] > authorizing via signed-in user
[debug] [2020-05-07T22:53:29.324Z] [iam] checking project fairy-tales-4-us for permissions ["firebase.projects.get","firebasehosting.sites.update"]
[debug] [2020-05-07T22:53:29.326Z] >>> HTTP REQUEST POST https://cloudresourcemanager.googleapis.com/v1/projects/fairy-tales-4-us:testIamPermissions  

[debug] [2020-05-07T22:53:31.266Z] <<< HTTP RESPONSE 200
[debug] [2020-05-07T22:53:31.269Z] >>> HTTP REQUEST GET https://firebase.googleapis.com/v1beta1/projects/fairy-tales-4-us  
 
[debug] [2020-05-07T22:53:31.811Z] <<< HTTP RESPONSE 200
[info] 
[info] === Deploying to 'fairy-tales-4-us'...
[info] 
[info] i  deploying hosting
[debug] [2020-05-07T22:53:31.819Z] >>> HTTP REQUEST POST https://firebasehosting.googleapis.com/v1beta1/sites/fairy-tales-4-us/versions  

[debug] [2020-05-07T22:53:35.022Z] <<< HTTP RESPONSE 200
[info] i  hosting[fairy-tales-4-us]: beginning deploy...
[info] i  hosting[fairy-tales-4-us]: found 20 files in build
[debug] [2020-05-07T22:53:35.042Z] [hosting] hash cache [YnVpbGQ] not populated
[debug] [2020-05-07T22:53:36.010Z] [hosting] hash cache [YnVpbGQ] stored for 20 files
[debug] [2020-05-07T22:53:36.011Z] [hosting][hash queue][FINAL]
[debug] [2020-05-07T22:53:36.011Z] >>> HTTP REQUEST POST https://firebasehosting.googleapis.com/v1beta1/sites/fairy-tales-4-us/versions/a9fcd0e2fc84d3f8:populateFiles  
 <request body omitted>
[debug] [2020-05-07T22:53:37.650Z] <<< HTTP RESPONSE 200
[debug] [2020-05-07T22:53:37.667Z] [hosting][populate queue][FINAL]
[debug] [2020-05-07T22:53:37.668Z] [hosting] uploads queued: 20
